[    6321ms] [ERROR] Failed to load resource: the server responded with a status of 500 (Internal Server Error) @ http://localhost:3000/:0
[    7212ms] [INFO] %cDownload the React DevTools for a better development experience: https://react.dev/link/react-devtools font-weight:bold @ webpack-internal:///(pages-dir-browser)/./node_modules/react-dom/cjs/react-dom-client.development.js:28004
[    7425ms] TypeError: __webpack_modules__[moduleId] is not a function
    at Object.__webpack_require__ [as require] (file:///Users/ziadadel/Desktop/sf-academy/.next/server/webpack-runtime.js:25:42)
    at Object.require (file:///Users/ziadadel/Desktop/sf-academy/node_modules/next/dist/compiled/next-server/app-page.runtime.dev.js:39:28568)
    at globalThis.__next_require__ (file:///Users/ziadadel/Desktop/sf-academy/node_modules/next/dist/compiled/next-server/app-page.runtime.dev.js:39:29391)
    at requireModule (file:///Users/ziadadel/Desktop/sf-academy/node_modules/next/dist/compiled/next-server/app-page.runtime.dev.js:2:318257)
    at initializeModuleChunk (file:///Users/ziadadel/Desktop/sf-academy/node_modules/next/dist/compiled/next-server/app-page.runtime.dev.js:2:347653)
    at getOutlinedModel (file:///Users/ziadadel/Desktop/sf-academy/node_modules/next/dist/compiled/next-server/app-page.runtime.dev.js:2:357412)
    at <unknown> (file:///Users/ziadadel/Desktop/sf-academy/node_modules/next/dist/compiled/next-server/app-page.runtime.dev.js:2:365365)
    at ResponseInstance._fromJSON (file:///Users/ziadadel/Desktop/sf-academy/node_modules/next/dist/compiled/next-server/app-page.runtime.dev.js:2:365456)
    at JSON.parse (<anonymous>)
    at initializeModelChunk (file:///Users/ziadadel/Desktop/sf-academy/node_modules/next/dist/compiled/next-server/app-page.runtime.dev.js:2:347044)
    at resolveModelChunk (file:///Users/ziadadel/Desktop/sf-academy/node_modules/next/dist/compiled/next-server/app-page.runtime.dev.js:2:345332)
    at processFullStringRow (file:///Users/ziadadel/Desktop/sf-academy/node_modules/next/dist/compiled/next-server/app-page.runtime.dev.js:2:384476)
    at <unknown> (file:///Users/ziadadel/Desktop/sf-academy/node_modules/next/dist/compiled/next-server/app-page.runtime.dev.js:2:386879)
    at processBinaryChunk (file:///Users/ziadadel/Desktop/sf-academy/node_modules/next/dist/compiled/next-server/app-page.runtime.dev.js:2:386951)
    at progress (file:///Users/ziadadel/Desktop/sf-academy/node_modules/next/dist/compiled/next-server/app-page.runtime.dev.js:2:388479)
[    7344ms] [LOG] [HMR] connected @ webpack-internal:///(pages-dir-browser)/./node_modules/next/dist/client/dev/hot-reloader/pages/websocket.js:45
[    7431ms] [ERROR] Failed to load resource: the server responded with a status of 404 (Not Found) @ http://localhost:3000/favicon.ico:0
[   11004ms] [WARNING] The resource http://localhost:3000/_next/static/media/9da48a48bf6500f8-s.p.woff2 was preloaded using link preload but not used within a few seconds from the window's load event. Please make sure it has an appropriate `as` value and it is preloaded intentionally. @ http://localhost:3000/:0
[   11004ms] [WARNING] The resource http://localhost:3000/_next/static/media/b729ad8c86c7d641-s.p.woff2 was preloaded using link preload but not used within a few seconds from the window's load event. Please make sure it has an appropriate `as` value and it is preloaded intentionally. @ http://localhost:3000/:0
[   11005ms] [WARNING] The resource http://localhost:3000/_next/static/media/79d9077e4fd7eddc-s.p.woff2 was preloaded using link preload but not used within a few seconds from the window's load event. Please make sure it has an appropriate `as` value and it is preloaded intentionally. @ http://localhost:3000/:0
[   11005ms] [WARNING] The resource http://localhost:3000/_next/static/media/17efc7caebbb6a73-s.p.woff2 was preloaded using link preload but not used within a few seconds from the window's load event. Please make sure it has an appropriate `as` value and it is preloaded intentionally. @ http://localhost:3000/:0
[   11005ms] [WARNING] The resource http://localhost:3000/_next/static/media/558ca1a6aa3cb55e-s.p.woff2 was preloaded using link preload but not used within a few seconds from the window's load event. Please make sure it has an appropriate `as` value and it is preloaded intentionally. @ http://localhost:3000/:0
[   11005ms] [WARNING] The resource http://localhost:3000/_next/static/media/e4efb0298547fad0-s.p.woff2 was preloaded using link preload but not used within a few seconds from the window's load event. Please make sure it has an appropriate `as` value and it is preloaded intentionally. @ http://localhost:3000/:0
[   11005ms] [WARNING] The resource http://localhost:3000/_next/static/media/99dc19e540dbb87b-s.p.woff2 was preloaded using link preload but not used within a few seconds from the window's load event. Please make sure it has an appropriate `as` value and it is preloaded intentionally. @ http://localhost:3000/:0
[   11005ms] [WARNING] The resource http://localhost:3000/_next/static/media/fb66eb17bf011c3b-s.p.woff2 was preloaded using link preload but not used within a few seconds from the window's load event. Please make sure it has an appropriate `as` value and it is preloaded intentionally. @ http://localhost:3000/:0
[   11005ms] [WARNING] The resource http://localhost:3000/_next/static/media/f022b1629605b85c-s.p.woff2 was preloaded using link preload but not used within a few seconds from the window's load event. Please make sure it has an appropriate `as` value and it is preloaded intentionally. @ http://localhost:3000/:0
[   53168ms] [LOG] [Fast Refresh] rebuilding @ webpack-internal:///(pages-dir-browser)/./node_modules/next/dist/client/dev/hot-reloader/pages/hot-reloader-pages.js:206
[   55520ms] [WARNING] [Fast Refresh] performing full reload because your application had an unrecoverable error @ webpack-internal:///(pages-dir-browser)/./node_modules/next/dist/client/dev/hot-reloader/pages/hot-reloader-pages.js:347
[   56907ms] [ERROR] Failed to load resource: the server responded with a status of 404 (Not Found) @ http://localhost:3000/_next/static/chunks/main-app.js?v=1779312834806:0
[   56909ms] [ERROR] Failed to load resource: the server responded with a status of 404 (Not Found) @ http://localhost:3000/_next/static/chunks/app-pages-internals.js:0
[   56909ms] [ERROR] Failed to load resource: the server responded with a status of 404 (Not Found) @ http://localhost:3000/_next/static/chunks/app/page.js:0
